# JRE version: OpenJDK Runtime Environment (17.0.10) (build 17.0.10+0--11609105)
# Java VM: OpenJDK 64-Bit Server VM (17.0.10+0--11609105, mixed mode, tiered, compressed oops, compressed class ptrs, g1 gc, windows-amd64)
GC Precious Log:
 CPUs: 4 total, 4 available
 Memory: 16309M
 Large Page Support: Disabled
 NUMA Support: Disabled
 Compressed Oops: Enabled (32-bit)
 Heap Region Size: 1M
 Heap Min Capacity: 8M
 Heap Initial Capacity: 256M
 Heap Max Capacity: 2G
 Pre-touch: Disabled
 Parallel Workers: 4
 Concurrent Workers: 1
 Concurrent Refinement Workers: 4
 Periodic GC: Disabled
Heap:
 garbage-first heap   total 86016K, used 46292K [0x0000000080000000, 0x0000000100000000)
  region size 1024K, 6 young (6144K), 3 survivors (3072K)
 Metaspace       used 45097K, committed 45440K, reserved 1114112K
  class space    used 6128K, committed 6272K, reserved 1048576K
GC Heap History (20 events):
Event: 0.350 GC heap before
{Heap before GC invocations=0 (full 0):
 garbage-first heap   total 262144K, used 13312K [0x0000000080000000, 0x0000000100000000)
  region size 1024K, 13 young (13312K), 0 survivors (0K)
 Metaspace       used 7117K, committed 7296K, reserved 1114112K
  class space    used 612K, committed 704K, reserved 1048576K
}
Event: 0.352 GC heap after
{Heap after GC invocations=1 (full 0):
 garbage-first heap   total 262144K, used 4073K [0x0000000080000000, 0x0000000100000000)
  region size 1024K, 2 young (2048K), 2 survivors (2048K)
 Metaspace       used 7117K, committed 7296K, reserved 1114112K
  class space    used 612K, committed 704K, reserved 1048576K
}
Event: 0.814 GC heap before
{Heap before GC invocations=1 (full 0):
 garbage-first heap   total 262144K, used 22505K [0x0000000080000000, 0x0000000100000000)
  region size 1024K, 17 young (17408K), 2 survivors (2048K)
 Metaspace       used 11128K, committed 11328K, reserved 1114112K
  class space    used 1165K, committed 1280K, reserved 1048576K
}
Event: 0.817 GC heap after
{Heap after GC invocations=2 (full 0):
 garbage-first heap   total 262144K, used 10654K [0x0000000080000000, 0x0000000100000000)
  region size 1024K, 3 young (3072K), 3 survivors (3072K)
 Metaspace       used 11128K, committed 11328K, reserved 1114112K
  class space    used 1165K, committed 1280K, reserved 1048576K
}
Event: 1.074 GC heap before
{Heap before GC invocations=2 (full 0):
 garbage-first heap   total 262144K, used 33182K [0x0000000080000000, 0x0000000100000000)
  region size 1024K, 25 young (25600K), 3 survivors (3072K)
 Metaspace       used 11254K, committed 11456K, reserved 1114112K
  class space    used 1166K, committed 1280K, reserved 1048576K
}
Event: 1.077 GC heap after
{Heap after GC invocations=3 (full 0):
 garbage-first heap   total 262144K, used 13411K [0x0000000080000000, 0x0000000100000000)
  region size 1024K, 3 young (3072K), 3 survivors (3072K)
 Metaspace       used 11254K, committed 11456K, reserved 1114112K
  class space    used 1166K, committed 1280K, reserved 1048576K
}
Event: 1.946 GC heap before
{Heap before GC invocations=3 (full 0):
 garbage-first heap   total 262144K, used 49251K [0x0000000080000000, 0x0000000100000000)
  region size 1024K, 39 young (39936K), 3 survivors (3072K)
 Metaspace       used 21309K, committed 21504K, reserved 1114112K
  class space    used 2533K, committed 2624K, reserved 1048576K
}
Event: 1.951 GC heap after
{Heap after GC invocations=4 (full 0):
 garbage-first heap   total 262144K, used 18957K [0x0000000080000000, 0x0000000100000000)
  region size 1024K, 9 young (9216K), 9 survivors (9216K)
 Metaspace       used 21309K, committed 21504K, reserved 1114112K
  class space    used 2533K, committed 2624K, reserved 1048576K
}
Event: 2.473 GC heap before
{Heap before GC invocations=5 (full 0):
 garbage-first heap   total 71680K, used 51725K [0x0000000080000000, 0x0000000100000000)
  region size 1024K, 42 young (43008K), 9 survivors (9216K)
 Metaspace       used 26643K, committed 26944K, reserved 1114112K
  class space    used 3476K, committed 3584K, reserved 1048576K
}
Event: 2.480 GC heap after
{Heap after GC invocations=6 (full 0):
 garbage-first heap   total 71680K, used 20907K [0x0000000080000000, 0x0000000100000000)
  region size 1024K, 3 young (3072K), 3 survivors (3072K)
 Metaspace       used 26643K, committed 26944K, reserved 1114112K
  class space    used 3476K, committed 3584K, reserved 1048576K
}
Event: 8.473 GC heap before
{Heap before GC invocations=6 (full 0):
 garbage-first heap   total 71680K, used 58795K [0x0000000080000000, 0x0000000100000000)
  region size 1024K, 30 young (30720K), 3 survivors (3072K)
 Metaspace       used 30814K, committed 31168K, reserved 1114112K
  class space    used 4180K, committed 4288K, reserved 1048576K
}
Event: 8.477 GC heap after
{Heap after GC invocations=7 (full 0):
 garbage-first heap   total 71680K, used 38001K [0x0000000080000000, 0x0000000100000000)
  region size 1024K, 4 young (4096K), 4 survivors (4096K)
 Metaspace       used 30814K, committed 31168K, reserved 1114112K
  class space    used 4180K, committed 4288K, reserved 1048576K
}
Event: 8.808 GC heap before
{Heap before GC invocations=7 (full 0):
 garbage-first heap   total 71680K, used 53361K [0x0000000080000000, 0x0000000100000000)
  region size 1024K, 19 young (19456K), 4 survivors (4096K)
 Metaspace       used 32949K, committed 33280K, reserved 1114112K
  class space    used 4520K, committed 4672K, reserved 1048576K
}
Event: 8.811 GC heap after
{Heap after GC invocations=8 (full 0):
 garbage-first heap   total 71680K, used 38555K [0x0000000080000000, 0x0000000100000000)
  region size 1024K, 1 young (1024K), 1 survivors (1024K)
 Metaspace       used 32949K, committed 33280K, reserved 1114112K
  class space    used 4520K, committed 4672K, reserved 1048576K
}
Event: 9.008 GC heap before
{Heap before GC invocations=9 (full 0):
 garbage-first heap   total 71680K, used 53915K [0x0000000080000000, 0x0000000100000000)
  region size 1024K, 16 young (16384K), 1 survivors (1024K)
 Metaspace       used 35125K, committed 35456K, reserved 1114112K
  class space    used 4870K, committed 4992K, reserved 1048576K
}
Event: 9.011 GC heap after
{Heap after GC invocations=10 (full 0):
 garbage-first heap   total 71680K, used 39222K [0x0000000080000000, 0x0000000100000000)
  region size 1024K, 2 young (2048K), 2 survivors (2048K)
 Metaspace       used 35125K, committed 35456K, reserved 1114112K
  class space    used 4870K, committed 4992K, reserved 1048576K
}
Event: 9.234 GC heap before
{Heap before GC invocations=10 (full 0):
 garbage-first heap   total 71680K, used 54582K [0x0000000080000000, 0x0000000100000000)
  region size 1024K, 18 young (18432K), 2 survivors (2048K)
 Metaspace       used 38426K, committed 38784K, reserved 1114112K
  class space    used 5214K, committed 5376K, reserved 1048576K
}
Event: 9.238 GC heap after
{Heap after GC invocations=11 (full 0):
 garbage-first heap   total 86016K, used 40481K [0x0000000080000000, 0x0000000100000000)
  region size 1024K, 3 young (3072K), 3 survivors (3072K)
 Metaspace       used 38426K, committed 38784K, reserved 1114112K
  class space    used 5214K, committed 5376K, reserved 1048576K
}
Event: 9.460 GC heap before
{Heap before GC invocations=12 (full 0):
 garbage-first heap   total 86016K, used 66081K [0x0000000080000000, 0x0000000100000000)
  region size 1024K, 29 young (29696K), 3 survivors (3072K)
 Metaspace       used 40902K, committed 41280K, reserved 1114112K
  class space    used 5657K, committed 5824K, reserved 1048576K
}
Event: 9.465 GC heap after
{Heap after GC invocations=13 (full 0):
 garbage-first heap   total 86016K, used 41976K [0x0000000080000000, 0x0000000100000000)
  region size 1024K, 4 young (4096K), 4 survivors (4096K)
 Metaspace       used 40902K, committed 41280K, reserved 1114112K
  class space    used 5657K, committed 5824K, reserved 1048576K
}

